<?xml version="1.0" encoding="UTF-8"?>
<testsuite xmlns:xsi="http://www.w3.org/2001/XMLSchema-instance" xsi:noNamespaceSchemaLocation="https://maven.apache.org/surefire/maven-surefire-plugin/xsd/surefire-test-report-3.0.xsd" version="3.0" name="jp.te4a.spring.boot.mybootapp8.Mybootapp7ApplicationTests" time="2.547" tests="1" errors="0" skipped="0" failures="0">
  <properties>
[...]
</properties>
  <testcase name="contextLoads" classname="jp.te4a.spring.boot.mybootapp8.Mybootapp7ApplicationTests" time="0.772">
    <system-out><![CDATA[12:27:54.661 [main] INFO org.springframework.test.context.support.AnnotationConfigContextLoaderUtils -- Could not detect default configuration classes for test class [jp.te4a.spring.boot.mybootapp8.Mybootapp7ApplicationTests]: Mybootapp7ApplicationTests does not declare any static, non-private, non-final, nested classes annotated with @Configuration.
12:27:54.774 [main] INFO org.springframework.boot.test.context.SpringBootTestContextBootstrapper -- Found @SpringBootConfiguration jp.te4a.spring.boot.mybootapp8.BookApplication for test class jp.te4a.spring.boot.mybootapp8.Mybootapp7ApplicationTests

  .   ____          _            __ _ _
 /\\ / ___'_ __ _ _(_)_ __  __ _ \ \ \ \
( ( )\___ | '_ | '_| | '_ \/ _` | \ \ \ \
 \\/  ___)| |_)| | | | | || (_| |  ) ) ) )
  '  |____| .__|_| |_|_| |_\__, | / / / /
 =========|_|==============|___/=/_/_/_/
 :: Spring Boot ::                (v3.2.5)

2024-05-29T12:27:55.180+09:00  INFO 8716 --- [           main] j.t.s.b.m.Mybootapp7ApplicationTests     : Starting Mybootapp7ApplicationTests using Java 21.0.2 with PID 8716 (started by 210896 in e:\r06_dev\workspace_sts\mybootapp8)
2024-05-29T12:27:55.181+09:00  INFO 8716 --- [           main] j.t.s.b.m.Mybootapp7ApplicationTests     : No active profile set, falling back to 1 default profile: "default"
2024-05-29T12:27:56.241+09:00  INFO 8716 --- [           main] j.t.s.b.m.Mybootapp7ApplicationTests     : Started Mybootapp7ApplicationTests in 1.302 seconds (process running for 2.295)
]]></system-out>
    <system-err><![CDATA[WARNING: A Java agent has been loaded dynamically (C:\Users\210896\.m2\repository\net\bytebuddy\byte-buddy-agent\1.14.13\byte-buddy-agent-1.14.13.jar)
WARNING: If a serviceability tool is in use, please run with -XX:+EnableDynamicAgentLoading to hide this warning
WARNING: If a serviceability tool is not in use, please run with -Djdk.instrument.traceUsage for more information
WARNING: Dynamic loading of agents will be disallowed by default in a future release
]]></system-err>
  </testcase>
</testsuite>